<?xml version="1.0" encoding="UTF-8"?>
<!-- Generated by org.testng.reporters.JUnitReportReporter -->
<testsuite skipped="1" hostname="RSLPTP862" name="SeleniumDemo.ParameterAnnotationDemo" tests="4" failures="0" timestamp="18 Jan 2019 09:21:20 GMT" time="0.039" errors="0">
  <testcase name="getParameter" time="0.035" classname="SeleniumDemo.ParameterAnnotationDemo"/>
  <testcase name="test1" time="0.002" classname="SeleniumDemo.ParameterAnnotationDemo"/>
  <testcase name="test3" time="0.002" classname="SeleniumDemo.ParameterAnnotationDemo"/>
  <testcase name="test2" classname="SeleniumDemo.ParameterAnnotationDemo">
    <skipped/>
  </testcase> <!-- test2 -->
</testsuite> <!-- SeleniumDemo.ParameterAnnotationDemo -->
