<?xml version="1.0" encoding="UTF-8"?>
<!-- Generated by org.testng.reporters.JUnitReportReporter -->
<testsuite skipped="0" hostname="RSLPTP862" name="DemoMaven.maven1.Demo11" tests="1" failures="0" timestamp="01 Dec 2018 13:55:20 GMT" time="21.008" errors="0">
  <testcase name="test1" time="21.008" classname="DemoMaven.maven1.Demo11"/>
</testsuite> <!-- DemoMaven.maven1.Demo11 -->
