<?xml version="1.0" encoding="UTF-8"?>
<!-- Generated by org.testng.reporters.JUnitReportReporter -->
<testsuite skipped="0" hostname="RSLPTP862" name="DemoMaven.maven1.Sample4" tests="1" failures="0" timestamp="12 Dec 2018 09:08:56 GMT" time="0.578" errors="0">
  <testcase name="test1" time="0.578" classname="DemoMaven.maven1.Sample4"/>
</testsuite> <!-- DemoMaven.maven1.Sample4 -->
