<?xml version="1.0" encoding="UTF-8"?>
<!-- Generated by org.testng.reporters.JUnitReportReporter -->
<testsuite skipped="0" hostname="RSLPTP862" name="SeleniumDemo.DataProviderDemo" tests="2" failures="0" timestamp="18 Jan 2019 09:11:28 GMT" time="0.036" errors="0">
  <testcase name="test1" time="0.004" classname="SeleniumDemo.DataProviderDemo"/>
  <testcase name="test1" time="0.032" classname="SeleniumDemo.DataProviderDemo"/>
</testsuite> <!-- SeleniumDemo.DataProviderDemo -->
